{"C:\\Users\\jodhiambo1\\Desktop\\bmi_calculator\\bmicalculator.js": {"path":"C:\\Users\\jodhiambo1\\Desktop\\bmi_calculator\\bmicalculator.js","statementMap":{"0":{"start":{"line":2,"column":4},"end":{"line":2,"column":38}},"1":{"start":{"line":5,"column":0},"end":{"line":5,"column":29}}},"fnMap":{"0":{"name":"bmi_cal","decl":{"start":{"line":1,"column":9},"end":{"line":1,"column":16}},"loc":{"start":{"line":1,"column":33},"end":{"line":3,"column":1}},"line":1}},"branchMap":{},"s":{"0":2,"1":1},"f":{"0":2},"b":{},"_coverageSchema":"1a1c01bbd47fc00a2c39e90264f33305004495a9","hash":"b730a181bcf799c310b3d0ec5aff423263ee08e5"}
}
